{"/mnt/c/Users/fpetre/code/data-structures-js/src/LinkedList.js": {"path":"/mnt/c/Users/fpetre/code/data-structures-js/src/LinkedList.js","statementMap":{"0":{"start":{"line":3,"column":4},"end":{"line":3,"column":21}},"1":{"start":{"line":4,"column":4},"end":{"line":4,"column":21}},"2":{"start":{"line":8,"column":20},"end":{"line":8,"column":52}},"3":{"start":{"line":9,"column":4},"end":{"line":13,"column":5}},"4":{"start":{"line":10,"column":6},"end":{"line":10,"column":35}},"5":{"start":{"line":12,"column":6},"end":{"line":12,"column":26}},"6":{"start":{"line":14,"column":4},"end":{"line":14,"column":24}},"7":{"start":{"line":18,"column":26},"end":{"line":18,"column":58}},"8":{"start":{"line":19,"column":4},"end":{"line":23,"column":5}},"9":{"start":{"line":20,"column":6},"end":{"line":20,"column":41}},"10":{"start":{"line":22,"column":6},"end":{"line":22,"column":32}},"11":{"start":{"line":24,"column":4},"end":{"line":24,"column":30}},"12":{"start":{"line":28,"column":4},"end":{"line":28,"column":33}},"13":{"start":{"line":28,"column":20},"end":{"line":28,"column":33}},"14":{"start":{"line":29,"column":4},"end":{"line":29,"column":35}},"15":{"start":{"line":30,"column":4},"end":{"line":34,"column":5}},"16":{"start":{"line":31,"column":6},"end":{"line":31,"column":32}},"17":{"start":{"line":33,"column":6},"end":{"line":33,"column":23}},"18":{"start":{"line":38,"column":4},"end":{"line":38,"column":33}},"19":{"start":{"line":38,"column":20},"end":{"line":38,"column":33}},"20":{"start":{"line":39,"column":4},"end":{"line":39,"column":35}},"21":{"start":{"line":40,"column":4},"end":{"line":44,"column":5}},"22":{"start":{"line":41,"column":6},"end":{"line":41,"column":32}},"23":{"start":{"line":43,"column":6},"end":{"line":43,"column":23}},"24":{"start":{"line":48,"column":22},"end":{"line":48,"column":31}},"25":{"start":{"line":49,"column":4},"end":{"line":55,"column":5}},"26":{"start":{"line":50,"column":6},"end":{"line":54,"column":7}},"27":{"start":{"line":51,"column":8},"end":{"line":51,"column":27}},"28":{"start":{"line":53,"column":8},"end":{"line":53,"column":43}},"29":{"start":{"line":56,"column":4},"end":{"line":56,"column":17}},"30":{"start":{"line":59,"column":22},"end":{"line":59,"column":31}},"31":{"start":{"line":60,"column":16},"end":{"line":60,"column":17}},"32":{"start":{"line":61,"column":17},"end":{"line":61,"column":19}},"33":{"start":{"line":62,"column":4},"end":{"line":68,"column":5}},"34":{"start":{"line":63,"column":6},"end":{"line":65,"column":7}},"35":{"start":{"line":64,"column":8},"end":{"line":64,"column":27}},"36":{"start":{"line":66,"column":6},"end":{"line":66,"column":14}},"37":{"start":{"line":67,"column":6},"end":{"line":67,"column":41}},"38":{"start":{"line":70,"column":4},"end":{"line":70,"column":18}},"39":{"start":{"line":73,"column":22},"end":{"line":73,"column":31}},"40":{"start":{"line":74,"column":16},"end":{"line":74,"column":17}},"41":{"start":{"line":75,"column":4},"end":{"line":81,"column":5}},"42":{"start":{"line":76,"column":6},"end":{"line":78,"column":7}},"43":{"start":{"line":77,"column":8},"end":{"line":77,"column":21}},"44":{"start":{"line":79,"column":6},"end":{"line":79,"column":14}},"45":{"start":{"line":80,"column":6},"end":{"line":80,"column":41}},"46":{"start":{"line":86,"column":4},"end":{"line":86,"column":23}},"47":{"start":{"line":87,"column":4},"end":{"line":87,"column":29}},"48":{"start":{"line":88,"column":4},"end":{"line":88,"column":29}},"49":{"start":{"line":91,"column":0},"end":{"line":91,"column":38}}},"fnMap":{"0":{"name":"(anonymous_0)","decl":{"start":{"line":2,"column":2},"end":{"line":2,"column":3}},"loc":{"start":{"line":2,"column":16},"end":{"line":5,"column":3}},"line":2},"1":{"name":"(anonymous_1)","decl":{"start":{"line":7,"column":2},"end":{"line":7,"column":3}},"loc":{"start":{"line":7,"column":19},"end":{"line":15,"column":3}},"line":7},"2":{"name":"(anonymous_2)","decl":{"start":{"line":17,"column":2},"end":{"line":17,"column":3}},"loc":{"start":{"line":17,"column":19},"end":{"line":25,"column":3}},"line":17},"3":{"name":"(anonymous_3)","decl":{"start":{"line":27,"column":2},"end":{"line":27,"column":3}},"loc":{"start":{"line":27,"column":15},"end":{"line":35,"column":3}},"line":27},"4":{"name":"(anonymous_4)","decl":{"start":{"line":37,"column":2},"end":{"line":37,"column":3}},"loc":{"start":{"line":37,"column":15},"end":{"line":45,"column":3}},"line":37},"5":{"name":"(anonymous_5)","decl":{"start":{"line":47,"column":2},"end":{"line":47,"column":3}},"loc":{"start":{"line":47,"column":21},"end":{"line":57,"column":3}},"line":47},"6":{"name":"(anonymous_6)","decl":{"start":{"line":58,"column":2},"end":{"line":58,"column":3}},"loc":{"start":{"line":58,"column":17},"end":{"line":71,"column":3}},"line":58},"7":{"name":"(anonymous_7)","decl":{"start":{"line":72,"column":2},"end":{"line":72,"column":3}},"loc":{"start":{"line":72,"column":22},"end":{"line":82,"column":3}},"line":72},"8":{"name":"(anonymous_8)","decl":{"start":{"line":85,"column":2},"end":{"line":85,"column":3}},"loc":{"start":{"line":85,"column":41},"end":{"line":89,"column":3}},"line":85}},"branchMap":{"0":{"loc":{"start":{"line":9,"column":4},"end":{"line":13,"column":5}},"type":"if","locations":[{"start":{"line":9,"column":4},"end":{"line":13,"column":5}},{"start":{"line":9,"column":4},"end":{"line":13,"column":5}}],"line":9},"1":{"loc":{"start":{"line":19,"column":4},"end":{"line":23,"column":5}},"type":"if","locations":[{"start":{"line":19,"column":4},"end":{"line":23,"column":5}},{"start":{"line":19,"column":4},"end":{"line":23,"column":5}}],"line":19},"2":{"loc":{"start":{"line":28,"column":4},"end":{"line":28,"column":33}},"type":"if","locations":[{"start":{"line":28,"column":4},"end":{"line":28,"column":33}},{"start":{"line":28,"column":4},"end":{"line":28,"column":33}}],"line":28},"3":{"loc":{"start":{"line":30,"column":4},"end":{"line":34,"column":5}},"type":"if","locations":[{"start":{"line":30,"column":4},"end":{"line":34,"column":5}},{"start":{"line":30,"column":4},"end":{"line":34,"column":5}}],"line":30},"4":{"loc":{"start":{"line":38,"column":4},"end":{"line":38,"column":33}},"type":"if","locations":[{"start":{"line":38,"column":4},"end":{"line":38,"column":33}},{"start":{"line":38,"column":4},"end":{"line":38,"column":33}}],"line":38},"5":{"loc":{"start":{"line":40,"column":4},"end":{"line":44,"column":5}},"type":"if","locations":[{"start":{"line":40,"column":4},"end":{"line":44,"column":5}},{"start":{"line":40,"column":4},"end":{"line":44,"column":5}}],"line":40},"6":{"loc":{"start":{"line":50,"column":6},"end":{"line":54,"column":7}},"type":"if","locations":[{"start":{"line":50,"column":6},"end":{"line":54,"column":7}},{"start":{"line":50,"column":6},"end":{"line":54,"column":7}}],"line":50},"7":{"loc":{"start":{"line":63,"column":6},"end":{"line":65,"column":7}},"type":"if","locations":[{"start":{"line":63,"column":6},"end":{"line":65,"column":7}},{"start":{"line":63,"column":6},"end":{"line":65,"column":7}}],"line":63},"8":{"loc":{"start":{"line":76,"column":6},"end":{"line":78,"column":7}},"type":"if","locations":[{"start":{"line":76,"column":6},"end":{"line":78,"column":7}},{"start":{"line":76,"column":6},"end":{"line":78,"column":7}}],"line":76}},"s":{"0":10,"1":10,"2":21,"3":21,"4":13,"5":8,"6":21,"7":4,"8":4,"9":3,"10":1,"11":4,"12":3,"13":1,"14":2,"15":2,"16":1,"17":1,"18":4,"19":1,"20":3,"21":3,"22":2,"23":1,"24":2,"25":2,"26":9,"27":1,"28":8,"29":1,"30":1,"31":1,"32":1,"33":1,"34":6,"35":2,"36":6,"37":6,"38":1,"39":2,"40":2,"41":2,"42":4,"43":2,"44":2,"45":2,"46":26,"47":26,"48":26,"49":1},"f":{"0":10,"1":21,"2":4,"3":3,"4":4,"5":2,"6":1,"7":2,"8":26},"b":{"0":[13,8],"1":[3,1],"2":[1,2],"3":[1,1],"4":[1,3],"5":[2,1],"6":[1,8],"7":[2,4],"8":[2,2]},"_coverageSchema":"43e27e138ebf9cfc5966b082cf9a028302ed4184","hash":"e5c544a01160088329aa0146d2882b2574564585"}
}
