TN:
SF:/mnt/c/Users/fpetre/code/data-structures-js/src/BinaryTree.js
FN:2,(anonymous_0)
FN:8,(anonymous_1)
FN:29,(anonymous_2)
FN:44,(anonymous_3)
FNF:4
FNH:4
FNDA:15,(anonymous_0)
FNDA:21,(anonymous_1)
FNDA:9,(anonymous_2)
FNDA:6,(anonymous_3)
DA:3,15
DA:4,15
DA:5,15
DA:9,21
DA:10,2
DA:12,19
DA:13,18
DA:14,8
DA:15,5
DA:17,3
DA:20,10
DA:21,6
DA:23,4
DA:30,9
DA:31,8
DA:32,3
DA:33,2
DA:35,1
DA:37,5
DA:38,4
DA:40,1
DA:45,6
DA:46,2
DA:48,6
DA:49,6
DA:50,3
DA:55,1
LF:27
LH:27
BRDA:2,0,0,2
BRDA:2,1,0,9
BRDA:2,2,0,9
BRDA:9,3,0,2
BRDA:9,3,1,19
BRDA:12,4,0,1
BRDA:12,4,1,18
BRDA:13,5,0,8
BRDA:13,5,1,10
BRDA:14,6,0,5
BRDA:14,6,1,3
BRDA:20,7,0,6
BRDA:20,7,1,4
BRDA:30,8,0,1
BRDA:30,8,1,8
BRDA:31,9,0,3
BRDA:31,9,1,5
BRDA:32,10,0,2
BRDA:32,10,1,1
BRDA:37,11,0,4
BRDA:37,11,1,1
BRDA:45,12,0,2
BRDA:45,12,1,4
BRDA:49,13,0,3
BRDA:49,13,1,3
BRF:25
BRH:25
end_of_record
TN:
SF:/mnt/c/Users/fpetre/code/data-structures-js/src/LinkedList.js
FN:2,(anonymous_0)
FN:7,(anonymous_1)
FN:17,(anonymous_2)
FN:27,(anonymous_3)
FN:37,(anonymous_4)
FN:47,(anonymous_5)
FN:58,(anonymous_6)
FN:72,(anonymous_7)
FN:85,(anonymous_8)
FNF:9
FNH:9
FNDA:10,(anonymous_0)
FNDA:21,(anonymous_1)
FNDA:4,(anonymous_2)
FNDA:3,(anonymous_3)
FNDA:4,(anonymous_4)
FNDA:2,(anonymous_5)
FNDA:1,(anonymous_6)
FNDA:2,(anonymous_7)
FNDA:26,(anonymous_8)
DA:3,10
DA:4,10
DA:8,21
DA:9,21
DA:10,13
DA:12,8
DA:14,21
DA:18,4
DA:19,4
DA:20,3
DA:22,1
DA:24,4
DA:28,3
DA:29,2
DA:30,2
DA:31,1
DA:33,1
DA:38,4
DA:39,3
DA:40,3
DA:41,2
DA:43,1
DA:48,2
DA:49,2
DA:50,9
DA:51,1
DA:53,8
DA:56,1
DA:59,1
DA:60,1
DA:61,1
DA:62,1
DA:63,6
DA:64,2
DA:66,6
DA:67,6
DA:70,1
DA:73,2
DA:74,2
DA:75,2
DA:76,4
DA:77,2
DA:79,2
DA:80,2
DA:86,26
DA:87,26
DA:88,26
DA:91,1
LF:48
LH:48
BRDA:9,0,0,13
BRDA:9,0,1,8
BRDA:19,1,0,3
BRDA:19,1,1,1
BRDA:28,2,0,1
BRDA:28,2,1,2
BRDA:30,3,0,1
BRDA:30,3,1,1
BRDA:38,4,0,1
BRDA:38,4,1,3
BRDA:40,5,0,2
BRDA:40,5,1,1
BRDA:50,6,0,1
BRDA:50,6,1,8
BRDA:63,7,0,2
BRDA:63,7,1,4
BRDA:76,8,0,2
BRDA:76,8,1,2
BRF:18
BRH:18
end_of_record
